[debug] [2024-05-04T18:12:25.324Z] ----------------------------------------------------------------------
[debug] [2024-05-04T18:12:25.327Z] Command:       C:\Program Files\nodejs\node.exe C:\Users\WALLACE\AppData\Roaming\npm\node_modules\firebase-tools\lib\bin\firebase.js deploy
[debug] [2024-05-04T18:12:25.328Z] CLI Version:   13.8.0
[debug] [2024-05-04T18:12:25.328Z] Platform:      win32
[debug] [2024-05-04T18:12:25.328Z] Node Version:  v20.11.1
[debug] [2024-05-04T18:12:25.329Z] Time:          Sat May 04 2024 15:12:25 GMT-0300 (Horário Padrão de Brasília)
[debug] [2024-05-04T18:12:25.329Z] ----------------------------------------------------------------------
[debug] 
[debug] [2024-05-04T18:12:25.417Z] > command requires scopes: ["email","openid","https://www.googleapis.com/auth/cloudplatformprojects.readonly","https://www.googleapis.com/auth/firebase","https://www.googleapis.com/auth/cloud-platform"]
[debug] [2024-05-04T18:12:25.418Z] > authorizing via signed-in user (matheushps10@gmail.com)
[debug] [2024-05-04T18:12:25.418Z] [iam] checking project crud-login-6e977 for permissions ["firebase.projects.get","firebasehosting.sites.update"]
[debug] [2024-05-04T18:12:25.420Z] >>> [apiv2][query] POST https://cloudresourcemanager.googleapis.com/v1/projects/crud-login-6e977:testIamPermissions [none]
[debug] [2024-05-04T18:12:25.420Z] >>> [apiv2][(partial)header] POST https://cloudresourcemanager.googleapis.com/v1/projects/crud-login-6e977:testIamPermissions x-goog-quota-user=projects/crud-login-6e977
[debug] [2024-05-04T18:12:25.421Z] >>> [apiv2][body] POST https://cloudresourcemanager.googleapis.com/v1/projects/crud-login-6e977:testIamPermissions {"permissions":["firebase.projects.get","firebasehosting.sites.update"]}
[debug] [2024-05-04T18:12:26.358Z] <<< [apiv2][status] POST https://cloudresourcemanager.googleapis.com/v1/projects/crud-login-6e977:testIamPermissions 200
[debug] [2024-05-04T18:12:26.358Z] <<< [apiv2][body] POST https://cloudresourcemanager.googleapis.com/v1/projects/crud-login-6e977:testIamPermissions {"permissions":["firebase.projects.get","firebasehosting.sites.update"]}
[debug] [2024-05-04T18:12:26.359Z] >>> [apiv2][query] GET https://firebase.googleapis.com/v1beta1/projects/crud-login-6e977 [none]
[debug] [2024-05-04T18:12:26.797Z] <<< [apiv2][status] GET https://firebase.googleapis.com/v1beta1/projects/crud-login-6e977 200
[debug] [2024-05-04T18:12:26.797Z] <<< [apiv2][body] GET https://firebase.googleapis.com/v1beta1/projects/crud-login-6e977 {"projectId":"crud-login-6e977","projectNumber":"75060550483","displayName":"CRUD-Login","name":"projects/crud-login-6e977","resources":{"hostingSite":"crud-login-6e977"},"state":"ACTIVE","etag":"1_629e52a3-dbb7-4b2a-90d2-daacc6ed69f6"}
[info] 
[info] === Deploying to 'crud-login-6e977'...
[info] 
[info] i  deploying hosting 
[debug] [2024-05-04T18:12:26.803Z] >>> [apiv2][query] POST https://firebasehosting.googleapis.com/v1beta1/projects/-/sites/crud-login-6e977/versions [none]
[debug] [2024-05-04T18:12:26.803Z] >>> [apiv2][body] POST https://firebasehosting.googleapis.com/v1beta1/projects/-/sites/crud-login-6e977/versions {"status":"CREATED","labels":{"deployment-tool":"cli-firebase"}}
[debug] [2024-05-04T18:12:28.486Z] <<< [apiv2][status] POST https://firebasehosting.googleapis.com/v1beta1/projects/-/sites/crud-login-6e977/versions 200
[debug] [2024-05-04T18:12:28.487Z] <<< [apiv2][body] POST https://firebasehosting.googleapis.com/v1beta1/projects/-/sites/crud-login-6e977/versions {"name":"projects/75060550483/sites/crud-login-6e977/versions/38c71ee91d9ff927","status":"CREATED","config":{},"labels":{"deployment-tool":"cli-firebase"}}
[info] i  hosting[crud-login-6e977]: beginning deploy... 
[debug] [2024-05-04T18:12:28.596Z] Error: EPERM: operation not permitted, scandir 'C:\Users\WALLACE\crud-login-wallace\.next\trace'
    at Object.readdirSync (node:fs:1515:26)
    at GlobSync._readdir (C:\Users\WALLACE\AppData\Roaming\npm\node_modules\firebase-tools\node_modules\glob\sync.js:288:46)
    at GlobSync._readdirInGlobStar (C:\Users\WALLACE\AppData\Roaming\npm\node_modules\firebase-tools\node_modules\glob\sync.js:245:17)
    at GlobSync._readdir (C:\Users\WALLACE\AppData\Roaming\npm\node_modules\firebase-tools\node_modules\glob\sync.js:276:17)
    at GlobSync._processReaddir (C:\Users\WALLACE\AppData\Roaming\npm\node_modules\firebase-tools\node_modules\glob\sync.js:137:22)
    at GlobSync._process (C:\Users\WALLACE\AppData\Roaming\npm\node_modules\firebase-tools\node_modules\glob\sync.js:132:10)
    at GlobSync._processGlobStar (C:\Users\WALLACE\AppData\Roaming\npm\node_modules\firebase-tools\node_modules\glob\sync.js:380:10)
    at GlobSync._process (C:\Users\WALLACE\AppData\Roaming\npm\node_modules\firebase-tools\node_modules\glob\sync.js:130:10)
    at new GlobSync (C:\Users\WALLACE\AppData\Roaming\npm\node_modules\firebase-tools\node_modules\glob\sync.js:45:10)
    at globSync (C:\Users\WALLACE\AppData\Roaming\npm\node_modules\firebase-tools\node_modules\glob\sync.js:23:10)
[error] 
[error] Error: An unexpected error has occurred.
